<?xml version="1.0" encoding="UTF-8"?>
<!-- Generated by org.testng.reporters.JUnitReportReporter -->
<testsuite hostname="LAPTOP-SP6KQ9V3" failures="0" tests="1" name="testNG.test1" time="0.018" errors="0" timestamp="2023-03-02T19:31:32 AEDT" skipped="0">
  <testcase classname="testNG.test1" name="Demo" time="0.018"/>
  <system-out/>
</testsuite> <!-- testNG.test1 -->
